c:\users\pau\documents\visual studio 2015\projects\clockontime\clockontime\debug\vc140.pdb
c:\users\pau\documents\visual studio 2015\projects\clockontime\clockontime\debug\vc140.idb
c:\users\pau\documents\visual studio 2015\projects\clockontime\clockontime\debug\creature.obj
c:\users\pau\documents\visual studio 2015\projects\clockontime\clockontime\debug\entity.obj
c:\users\pau\documents\visual studio 2015\projects\clockontime\clockontime\debug\exit.obj
c:\users\pau\documents\visual studio 2015\projects\clockontime\clockontime\debug\globals.obj
c:\users\pau\documents\visual studio 2015\projects\clockontime\clockontime\debug\item.obj
c:\users\pau\documents\visual studio 2015\projects\clockontime\clockontime\debug\main.obj
c:\users\pau\documents\visual studio 2015\projects\clockontime\clockontime\debug\player.obj
c:\users\pau\documents\visual studio 2015\projects\clockontime\clockontime\debug\room.obj
c:\users\pau\documents\visual studio 2015\projects\clockontime\clockontime\debug\world.obj
c:\users\pau\documents\visual studio 2015\projects\clockontime\clockontime\debug\clock.obj
c:\users\pau\documents\visual studio 2015\projects\clockontime\debug\clockontime.ilk
c:\users\pau\documents\visual studio 2015\projects\clockontime\debug\clockontime.exe
c:\users\pau\documents\visual studio 2015\projects\clockontime\debug\clockontime.pdb
c:\users\pau\documents\visual studio 2015\projects\clockontime\clockontime\debug\clockontime.tlog\cl.command.1.tlog
c:\users\pau\documents\visual studio 2015\projects\clockontime\clockontime\debug\clockontime.tlog\cl.read.1.tlog
c:\users\pau\documents\visual studio 2015\projects\clockontime\clockontime\debug\clockontime.tlog\cl.write.1.tlog
c:\users\pau\documents\visual studio 2015\projects\clockontime\clockontime\debug\clockontime.tlog\link.command.1.tlog
c:\users\pau\documents\visual studio 2015\projects\clockontime\clockontime\debug\clockontime.tlog\link.read.1.tlog
c:\users\pau\documents\visual studio 2015\projects\clockontime\clockontime\debug\clockontime.tlog\link.write.1.tlog
